Arguments: 
  /usr/local/bin/node /usr/local/Cellar/yarn/1.5.1_1/libexec/bin/yarn.js install serverless-pseudo-parameters

PATH: 
  /Users/musashi.sakamoto/Library/Android/sdk/emulator:/Users/musashi.sakamoto/Library/Android/sdk/tools/bin:/usr/local/bin:/usr/bin:/bin:/usr/sbin:/sbin:/Users/musashi.sakamoto/Library/Android/sdk/emulator:/Users/musashi.sakamoto/Library/Android/sdk/tools/bin:/Users/musashi.sakamoto/.nodebrew/current/bin:/Users/musashi.sakamoto/Library/Android/sdk/platform-tools:/Users/musashi.sakamoto/.composer/vendor/bin:/Users/musashi.sakamoto/.nodebrew/current/bin:/Users/musashi.sakamoto/Library/Android/sdk/platform-tools:/Users/musashi.sakamoto/.composer/vendor/bin:/usr/local/bin

Yarn version: 
  1.5.1

Node version: 
  8.10.0

Platform: 
  darwin x64

npm manifest: 
  {
    "name": "api",
    "version": "1.0.0",
    "main": "index.js",
    "license": "MIT"
  }

yarn manifest: 
  No manifest

Lockfile: 
  No lockfile

Trace: 
  Error: `install` has been replaced with `add` to add new dependencies. Run "yarn add serverless-pseudo-parameters" instead.
      at new MessageError (/usr/local/Cellar/yarn/1.5.1_1/libexec/lib/cli.js:186:110)
      at Object.<anonymous> (/usr/local/Cellar/yarn/1.5.1_1/libexec/lib/cli.js:21987:13)
      at Generator.next (<anonymous>)
      at step (/usr/local/Cellar/yarn/1.5.1_1/libexec/lib/cli.js:98:30)
      at /usr/local/Cellar/yarn/1.5.1_1/libexec/lib/cli.js:109:13
      at <anonymous>
